2020-09-30 13:01:59,224 [main] INFO  [com.zhy.MyBlogApplication] - Starting MyBlogApplication on W10-20200708ZOY with PID 29428 (D:\Projects\MyBlog\target\classes started by lfyuan in D:\Projects\MyBlog)
2020-09-30 13:01:59,230 [main] INFO  [com.zhy.MyBlogApplication] - The following profiles are active: dev
2020-09-30 13:01:59,266 [main] INFO  [org.springframework.boot.web.servlet.context.AnnotationConfigServletWebServerApplicationContext] - Refreshing org.springframework.boot.web.servlet.context.AnnotationConfigServletWebServerApplicationContext@3943a2be: startup date [Wed Sep 30 13:01:59 CST 2020]; root of context hierarchy
2020-09-30 13:02:00,077 [main] INFO  [org.springframework.data.repository.config.RepositoryConfigurationDelegate] - Multiple Spring Data modules found, entering strict repository configuration mode!
2020-09-30 13:02:00,415 [main] INFO  [org.springframework.context.support.PostProcessorRegistrationDelegate$BeanPostProcessorChecker] - Bean 'org.springframework.transaction.annotation.ProxyTransactionManagementConfiguration' of type [org.springframework.transaction.annotation.ProxyTransactionManagementConfiguration$$EnhancerBySpringCGLIB$$1bca7260] is not eligible for getting processed by all BeanPostProcessors (for example: not eligible for auto-proxying)
2020-09-30 13:02:00,516 [main] INFO  [org.springframework.context.support.PostProcessorRegistrationDelegate$BeanPostProcessorChecker] - Bean 'org.springframework.security.config.annotation.configuration.ObjectPostProcessorConfiguration' of type [org.springframework.security.config.annotation.configuration.ObjectPostProcessorConfiguration$$EnhancerBySpringCGLIB$$b4783a9a] is not eligible for getting processed by all BeanPostProcessors (for example: not eligible for auto-proxying)
2020-09-30 13:02:00,522 [main] INFO  [org.springframework.context.support.PostProcessorRegistrationDelegate$BeanPostProcessorChecker] - Bean 'objectPostProcessor' of type [org.springframework.security.config.annotation.configuration.AutowireBeanFactoryObjectPostProcessor] is not eligible for getting processed by all BeanPostProcessors (for example: not eligible for auto-proxying)
2020-09-30 13:02:00,524 [main] INFO  [org.springframework.context.support.PostProcessorRegistrationDelegate$BeanPostProcessorChecker] - Bean 'org.springframework.security.access.expression.method.DefaultMethodSecurityExpressionHandler@546621c4' of type [org.springframework.security.access.expression.method.DefaultMethodSecurityExpressionHandler] is not eligible for getting processed by all BeanPostProcessors (for example: not eligible for auto-proxying)
2020-09-30 13:02:00,528 [main] INFO  [org.springframework.context.support.PostProcessorRegistrationDelegate$BeanPostProcessorChecker] - Bean 'org.springframework.security.config.annotation.method.configuration.GlobalMethodSecurityConfiguration' of type [org.springframework.security.config.annotation.method.configuration.GlobalMethodSecurityConfiguration$$EnhancerBySpringCGLIB$$d94cdd4c] is not eligible for getting processed by all BeanPostProcessors (for example: not eligible for auto-proxying)
2020-09-30 13:02:00,536 [main] INFO  [org.springframework.context.support.PostProcessorRegistrationDelegate$BeanPostProcessorChecker] - Bean 'methodSecurityMetadataSource' of type [org.springframework.security.access.method.DelegatingMethodSecurityMetadataSource] is not eligible for getting processed by all BeanPostProcessors (for example: not eligible for auto-proxying)
2020-09-30 13:02:00,542 [main] INFO  [org.springframework.context.support.PostProcessorRegistrationDelegate$BeanPostProcessorChecker] - Bean 'org.springframework.cache.annotation.ProxyCachingConfiguration' of type [org.springframework.cache.annotation.ProxyCachingConfiguration$$EnhancerBySpringCGLIB$$64dca87e] is not eligible for getting processed by all BeanPostProcessors (for example: not eligible for auto-proxying)
2020-09-30 13:02:00,852 [main] INFO  [org.springframework.boot.web.embedded.tomcat.TomcatWebServer] - Tomcat initialized with port(s): 80 (http)
2020-09-30 13:02:00,860 [main] INFO  [org.apache.coyote.http11.Http11NioProtocol] - Initializing ProtocolHandler ["http-nio-80"]
2020-09-30 13:02:00,907 [main] INFO  [org.apache.catalina.core.StandardService] - Starting service [Tomcat]
2020-09-30 13:02:00,907 [main] INFO  [org.apache.catalina.core.StandardEngine] - Starting Servlet Engine: Apache Tomcat/8.5.28
2020-09-30 13:02:00,911 [localhost-startStop-1] INFO  [org.apache.catalina.core.AprLifecycleListener] - The APR based Apache Tomcat Native library which allows optimal performance in production environments was not found on the java.library.path: [E:\Programs\JDK\bin;C:\Windows\Sun\Java\bin;C:\Windows\system32;C:\Windows;E:\Programs\Xmanger\Xlpd 6\;E:\Programs\Xmanger\Xftp 6\;E:\Programs\Xmanger\Xshell 6\;E:\Programs\Xmanger\Xmanager 6\;C:\Program Files (x86)\Common Files\Oracle\Java\javapath;C:\Windows\system32;C:\Windows;C:\Windows\System32\Wbem;C:\Windows\System32\WindowsPowerShell\v1.0\;C:\Windows\System32\OpenSSH\;%maven_home%\bin;E:\Programs\JDK\bin;E:\Programs\maven\apache-maven-3.6.3\bin;E:\Programs\Git\cmd;%MYSQL_HOME%\bin;%TOMCAT_HOME%\bin;C:\Users\lfyuan\AppData\Local\Microsoft\WindowsApps;;.]
2020-09-30 13:02:01,065 [localhost-startStop-1] INFO  [org.apache.catalina.core.ContainerBase.[Tomcat].[localhost].[/]] - Initializing Spring embedded WebApplicationContext
2020-09-30 13:02:01,065 [localhost-startStop-1] INFO  [org.springframework.web.context.ContextLoader] - Root WebApplicationContext: initialization completed in 1799 ms
2020-09-30 13:02:01,082 [localhost-startStop-1] INFO  [com.zhy.config.DruidDataSourceConfig] - init Druid Servlet Configuration 
2020-09-30 13:02:01,313 [localhost-startStop-1] INFO  [org.springframework.boot.web.servlet.FilterRegistrationBean] - Mapping filter: 'characterEncodingFilter' to: [/*]
2020-09-30 13:02:01,313 [localhost-startStop-1] INFO  [org.springframework.boot.web.servlet.DelegatingFilterProxyRegistrationBean] - Mapping filter: 'springSecurityFilterChain' to: [/*]
2020-09-30 13:02:01,313 [localhost-startStop-1] INFO  [org.springframework.boot.web.servlet.FilterRegistrationBean] - Mapping filter: 'webStatFilter' to urls: [/*]
2020-09-30 13:02:01,314 [localhost-startStop-1] INFO  [org.springframework.boot.web.servlet.ServletRegistrationBean] - Servlet statViewServlet mapped to [/druid/*]
2020-09-30 13:02:01,314 [localhost-startStop-1] INFO  [org.springframework.boot.web.servlet.ServletRegistrationBean] - Servlet dispatcherServlet mapped to [/]
2020-09-30 13:02:02,351 [main] INFO  [org.springframework.web.servlet.mvc.method.annotation.RequestMappingHandlerMapping] - Mapped "{[/findArchiveNameAndArticleNum],methods=[GET],produces=[application/json;charset=UTF-8]}" onto public java.lang.String com.zhy.controller.ArchivesControl.findArchiveNameAndArticleNum()
2020-09-30 13:02:02,353 [main] INFO  [org.springframework.web.servlet.mvc.method.annotation.RequestMappingHandlerMapping] - Mapped "{[/getArchiveArticle],methods=[GET],produces=[application/json;charset=UTF-8]}" onto public java.lang.String com.zhy.controller.ArchivesControl.getArchiveArticle(java.lang.String,int,int)
2020-09-30 13:02:02,356 [main] INFO  [org.springframework.web.servlet.mvc.method.annotation.RequestMappingHandlerMapping] - Mapped "{[/],methods=[GET]}" onto public java.lang.String com.zhy.controller.BackControl.index(javax.servlet.http.HttpServletRequest,javax.servlet.http.HttpServletResponse)
2020-09-30 13:02:02,357 [main] INFO  [org.springframework.web.servlet.mvc.method.annotation.RequestMappingHandlerMapping] - Mapped "{[/register],methods=[GET]}" onto public java.lang.String com.zhy.controller.BackControl.register()
2020-09-30 13:02:02,357 [main] INFO  [org.springframework.web.servlet.mvc.method.annotation.RequestMappingHandlerMapping] - Mapped "{[/update],methods=[GET]}" onto public java.lang.String com.zhy.controller.BackControl.update(javax.servlet.http.HttpServletRequest)
2020-09-30 13:02:02,357 [main] INFO  [org.springframework.web.servlet.mvc.method.annotation.RequestMappingHandlerMapping] - Mapped "{[/editor],methods=[GET]}" onto public java.lang.String com.zhy.controller.BackControl.editor(javax.servlet.http.HttpServletRequest)
2020-09-30 13:02:02,357 [main] INFO  [org.springframework.web.servlet.mvc.method.annotation.RequestMappingHandlerMapping] - Mapped "{[/user],methods=[GET]}" onto public java.lang.String com.zhy.controller.BackControl.user(javax.servlet.http.HttpServletRequest)
2020-09-30 13:02:02,357 [main] INFO  [org.springframework.web.servlet.mvc.method.annotation.RequestMappingHandlerMapping] - Mapped "{[/categories],methods=[GET]}" onto public java.lang.String com.zhy.controller.BackControl.categories(javax.servlet.http.HttpServletResponse,javax.servlet.http.HttpServletRequest)
2020-09-30 13:02:02,358 [main] INFO  [org.springframework.web.servlet.mvc.method.annotation.RequestMappingHandlerMapping] - Mapped "{[/login],methods=[GET]}" onto public java.lang.String com.zhy.controller.BackControl.login()
2020-09-30 13:02:02,358 [main] INFO  [org.springframework.web.servlet.mvc.method.annotation.RequestMappingHandlerMapping] - Mapped "{[/toLogin],methods=[GET]}" onto public void com.zhy.controller.BackControl.toLogin(javax.servlet.http.HttpServletRequest)
2020-09-30 13:02:02,359 [main] INFO  [org.springframework.web.servlet.mvc.method.annotation.RequestMappingHandlerMapping] - Mapped "{[/friendlylink],methods=[GET]}" onto public java.lang.String com.zhy.controller.BackControl.friendlylink(javax.servlet.http.HttpServletRequest)
2020-09-30 13:02:02,359 [main] INFO  [org.springframework.web.servlet.mvc.method.annotation.RequestMappingHandlerMapping] - Mapped "{[/myheart],methods=[GET]}" onto public java.lang.String com.zhy.controller.BackControl.myheart()
2020-09-30 13:02:02,359 [main] INFO  [org.springframework.web.servlet.mvc.method.annotation.RequestMappingHandlerMapping] - Mapped "{[/aboutme],methods=[GET]}" onto public java.lang.String com.zhy.controller.BackControl.aboutme(javax.servlet.http.HttpServletRequest)
2020-09-30 13:02:02,360 [main] INFO  [org.springframework.web.servlet.mvc.method.annotation.RequestMappingHandlerMapping] - Mapped "{[/reward],methods=[GET]}" onto public java.lang.String com.zhy.controller.BackControl.reward(javax.servlet.http.HttpServletRequest)
2020-09-30 13:02:02,361 [main] INFO  [org.springframework.web.servlet.mvc.method.annotation.RequestMappingHandlerMapping] - Mapped "{[/tags],methods=[GET]}" onto public java.lang.String com.zhy.controller.BackControl.tags(javax.servlet.http.HttpServletResponse,javax.servlet.http.HttpServletRequest)
2020-09-30 13:02:02,361 [main] INFO  [org.springframework.web.servlet.mvc.method.annotation.RequestMappingHandlerMapping] - Mapped "{[/article/{articleId}],methods=[GET]}" onto public java.lang.String com.zhy.controller.BackControl.show(long,javax.servlet.http.HttpServletResponse,org.springframework.ui.Model,javax.servlet.http.HttpServletRequest)
2020-09-30 13:02:02,361 [main] INFO  [org.springframework.web.servlet.mvc.method.annotation.RequestMappingHandlerMapping] - Mapped "{[/archives],methods=[GET]}" onto public java.lang.String com.zhy.controller.BackControl.archives(javax.servlet.http.HttpServletResponse,javax.servlet.http.HttpServletRequest)
2020-09-30 13:02:02,362 [main] INFO  [org.springframework.web.servlet.mvc.method.annotation.RequestMappingHandlerMapping] - Mapped "{[/superadmin],methods=[GET]}" onto public java.lang.String com.zhy.controller.BackControl.superadmin(javax.servlet.http.HttpServletRequest)
2020-09-30 13:02:02,362 [main] INFO  [org.springframework.web.servlet.mvc.method.annotation.RequestMappingHandlerMapping] - Mapped "{[/today],methods=[GET]}" onto public java.lang.String com.zhy.controller.BackControl.today()
2020-09-30 13:02:02,362 [main] INFO  [org.springframework.web.servlet.mvc.method.annotation.RequestMappingHandlerMapping] - Mapped "{[/mylove],methods=[GET]}" onto public java.lang.String com.zhy.controller.BackControl.myLove()
2020-09-30 13:02:02,362 [main] INFO  [org.springframework.web.servlet.mvc.method.annotation.RequestMappingHandlerMapping] - Mapped "{[/mystory],methods=[GET]}" onto public java.lang.String com.zhy.controller.BackControl.mystory(javax.servlet.http.HttpServletRequest)
2020-09-30 13:02:02,362 [main] INFO  [org.springframework.web.servlet.mvc.method.annotation.RequestMappingHandlerMapping] - Mapped "{[/ali],methods=[GET]}" onto public java.lang.String com.zhy.controller.BackControl.ali()
2020-09-30 13:02:02,364 [main] INFO  [org.springframework.web.servlet.mvc.method.annotation.RequestMappingHandlerMapping] - Mapped "{[/getCategoryArticle],methods=[GET],produces=[application/json;charset=UTF-8]}" onto public java.lang.String com.zhy.controller.CategoriesControl.getCategoryArticle(java.lang.String,int,int)
2020-09-30 13:02:02,364 [main] INFO  [org.springframework.web.servlet.mvc.method.annotation.RequestMappingHandlerMapping] - Mapped "{[/findCategoriesNameAndArticleNum],methods=[GET],produces=[application/json;charset=UTF-8]}" onto public java.lang.String com.zhy.controller.CategoriesControl.findCategoriesNameAndArticleNum()
2020-09-30 13:02:02,366 [main] INFO  [org.springframework.web.servlet.mvc.method.annotation.RequestMappingHandlerMapping] - Mapped "{[/publishReply],methods=[POST],produces=[application/json;charset=UTF-8]}" onto public java.lang.String com.zhy.controller.CommentControl.publishReply(com.zhy.model.Comment,java.lang.String,java.lang.String,java.security.Principal)
2020-09-30 13:02:02,366 [main] INFO  [org.springframework.web.servlet.mvc.method.annotation.RequestMappingHandlerMapping] - Mapped "{[/addCommentLike],methods=[GET],produces=[application/json;charset=UTF-8]}" onto public java.lang.String com.zhy.controller.CommentControl.addCommentLike(java.lang.String,java.lang.String,java.security.Principal)
2020-09-30 13:02:02,366 [main] INFO  [org.springframework.web.servlet.mvc.method.annotation.RequestMappingHandlerMapping] - Mapped "{[/publishComment],methods=[POST],produces=[application/json;charset=UTF-8]}" onto public java.lang.String com.zhy.controller.CommentControl.publishComment(com.zhy.model.Comment,java.security.Principal)
2020-09-30 13:02:02,366 [main] INFO  [org.springframework.web.servlet.mvc.method.annotation.RequestMappingHandlerMapping] - Mapped "{[/isLogin],methods=[GET],produces=[application/json;charset=UTF-8]}" onto public java.lang.String com.zhy.controller.CommentControl.isLogin()
2020-09-30 13:02:02,366 [main] INFO  [org.springframework.web.servlet.mvc.method.annotation.RequestMappingHandlerMapping] - Mapped "{[/getAllComment],methods=[POST],produces=[application/json;charset=UTF-8]}" onto public java.lang.String com.zhy.controller.CommentControl.getAllComment(java.lang.Long,java.security.Principal)
2020-09-30 13:02:02,367 [main] INFO  [org.springframework.web.servlet.mvc.method.annotation.RequestMappingHandlerMapping] - Mapped "{[/findCategoriesName],methods=[GET],produces=[application/json;charset=UTF-8]}" onto public java.lang.String com.zhy.controller.EditorControl.findCategoriesName()
2020-09-30 13:02:02,367 [main] INFO  [org.springframework.web.servlet.mvc.method.annotation.RequestMappingHandlerMapping] - Mapped "{[/publishArticle],methods=[POST],produces=[application/json;charset=UTF-8]}" onto public java.lang.String com.zhy.controller.EditorControl.publishArticle(java.security.Principal,com.zhy.model.Article,java.lang.String,javax.servlet.http.HttpServletRequest)
2020-09-30 13:02:02,368 [main] INFO  [org.springframework.web.servlet.mvc.method.annotation.RequestMappingHandlerMapping] - Mapped "{[/uploadImage]}" onto public java.util.Map<java.lang.String, java.lang.Object> com.zhy.controller.EditorControl.uploadImage(javax.servlet.http.HttpServletRequest,javax.servlet.http.HttpServletResponse,org.springframework.web.multipart.MultipartFile)
2020-09-30 13:02:02,368 [main] INFO  [org.springframework.web.servlet.mvc.method.annotation.RequestMappingHandlerMapping] - Mapped "{[/getDraftArticle],methods=[GET],produces=[application/json;charset=UTF-8]}" onto public java.lang.String com.zhy.controller.EditorControl.getDraftArticle(javax.servlet.http.HttpServletRequest)
2020-09-30 13:02:02,368 [main] INFO  [org.springframework.web.servlet.mvc.method.annotation.RequestMappingHandlerMapping] - Mapped "{[/canYouWrite],methods=[GET],produces=[application/json;charset=UTF-8]}" onto public java.lang.String com.zhy.controller.EditorControl.canYouWrite(java.security.Principal)
2020-09-30 13:02:02,368 [main] INFO  [org.springframework.web.servlet.mvc.method.annotation.RequestMappingHandlerMapping] - Mapped "{[/404],methods=[GET]}" onto public java.lang.String com.zhy.controller.ErrorPageControl.error404()
2020-09-30 13:02:02,368 [main] INFO  [org.springframework.web.servlet.mvc.method.annotation.RequestMappingHandlerMapping] - Mapped "{[/403],methods=[GET]}" onto public java.lang.String com.zhy.controller.ErrorPageControl.error403()
2020-09-30 13:02:02,369 [main] INFO  [org.springframework.web.servlet.mvc.method.annotation.RequestMappingHandlerMapping] - Mapped "{[/getFriendLinkInfo],methods=[POST],produces=[application/json;charset=UTF-8]}" onto public java.lang.String com.zhy.controller.FriendlyLinkControl.getFriendLink()
2020-09-30 13:02:02,369 [main] INFO  [org.springframework.web.servlet.mvc.method.annotation.RequestMappingHandlerMapping] - Mapped "{[/getCode],methods=[POST],produces=[application/json;charset=UTF-8]}" onto public java.lang.String com.zhy.controller.GetPhoneCodeControl.getAuthCode(java.lang.String,java.lang.String)
2020-09-30 13:02:02,370 [main] INFO  [org.springframework.web.servlet.mvc.method.annotation.RequestMappingHandlerMapping] - Mapped "{[/getVisitorNumByPageName],methods=[GET],produces=[application/json;charset=UTF-8]}" onto public java.lang.String com.zhy.controller.IndexControl.getVisitorNumByPageName(javax.servlet.http.HttpServletRequest,java.lang.String)
2020-09-30 13:02:02,370 [main] INFO  [org.springframework.web.servlet.mvc.method.annotation.RequestMappingHandlerMapping] - Mapped "{[/findArchivesCategoriesTagsNum],methods=[GET],produces=[application/json;charset=UTF-8]}" onto public java.lang.String com.zhy.controller.IndexControl.findArchivesCategoriesTagsNum()
2020-09-30 13:02:02,370 [main] INFO  [org.springframework.web.servlet.mvc.method.annotation.RequestMappingHandlerMapping] - Mapped "{[/myArticles],methods=[POST],produces=[application/json;charset=UTF-8]}" onto public java.lang.String com.zhy.controller.IndexControl.myArticles(int,int)
2020-09-30 13:02:02,371 [main] INFO  [org.springframework.web.servlet.mvc.method.annotation.RequestMappingHandlerMapping] - Mapped "{[/newComment],methods=[GET],produces=[application/json;charset=UTF-8]}" onto public java.lang.String com.zhy.controller.IndexControl.newComment(int,int)
2020-09-30 13:02:02,371 [main] INFO  [org.springframework.web.servlet.mvc.method.annotation.RequestMappingHandlerMapping] - Mapped "{[/newLeaveWord],methods=[GET],produces=[application/json;charset=UTF-8]}" onto public java.lang.String com.zhy.controller.IndexControl.newLeaveWord(int,int)
2020-09-30 13:02:02,371 [main] INFO  [org.springframework.web.servlet.mvc.method.annotation.RequestMappingHandlerMapping] - Mapped "{[/findTagsCloud],methods=[GET],produces=[application/json;charset=UTF-8]}" onto public java.lang.String com.zhy.controller.IndexControl.findTagsCloud()
2020-09-30 13:02:02,371 [main] INFO  [org.springframework.web.servlet.mvc.method.annotation.RequestMappingHandlerMapping] - Mapped "{[/getSiteInfo],methods=[GET],produces=[application/json;charset=UTF-8]}" onto public java.lang.String com.zhy.controller.IndexControl.getSiteInfo()
2020-09-30 13:02:02,371 [main] INFO  [org.springframework.web.servlet.mvc.method.annotation.RequestMappingHandlerMapping] - Mapped "{[/submitFeedback],methods=[POST],produces=[application/json;charset=UTF-8]}" onto public java.lang.String com.zhy.controller.IndexControl.submitFeedback(com.zhy.model.FeedBack,java.security.Principal)
2020-09-30 13:02:02,372 [main] INFO  [org.springframework.web.servlet.mvc.method.annotation.RequestMappingHandlerMapping] - Mapped "{[/publishLeaveMessageReply],methods=[POST],produces=[application/json;charset=UTF-8]}" onto public java.lang.String com.zhy.controller.LeaveMessageControl.publishLeaveMessageReply(com.zhy.model.LeaveMessage,java.lang.String,java.lang.String,java.security.Principal)
2020-09-30 13:02:02,372 [main] INFO  [org.springframework.web.servlet.mvc.method.annotation.RequestMappingHandlerMapping] - Mapped "{[/publishLeaveMessage],methods=[POST],produces=[application/json;charset=UTF-8]}" onto public java.lang.String com.zhy.controller.LeaveMessageControl.publishLeaveMessage(java.lang.String,java.lang.String,java.security.Principal)
2020-09-30 13:02:02,372 [main] INFO  [org.springframework.web.servlet.mvc.method.annotation.RequestMappingHandlerMapping] - Mapped "{[/getPageLeaveMessage],methods=[GET],produces=[application/json;charset=UTF-8]}" onto public java.lang.String com.zhy.controller.LeaveMessageControl.getPageLeaveMessage(java.lang.String,java.security.Principal)
2020-09-30 13:02:02,372 [main] INFO  [org.springframework.web.servlet.mvc.method.annotation.RequestMappingHandlerMapping] - Mapped "{[/addLeaveMessageLike],methods=[GET],produces=[application/json;charset=UTF-8]}" onto public java.lang.String com.zhy.controller.LeaveMessageControl.addLeaveMessageLike(java.lang.String,java.lang.String,java.security.Principal)
2020-09-30 13:02:02,373 [main] INFO  [org.springframework.web.servlet.mvc.method.annotation.RequestMappingHandlerMapping] - Mapped "{[/changePassword],methods=[POST],produces=[application/json;charset=UTF-8]}" onto public java.lang.String com.zhy.controller.LoginControl.changePassword(java.lang.String,java.lang.String,java.lang.String)
2020-09-30 13:02:02,373 [main] INFO  [org.springframework.web.servlet.mvc.method.annotation.RequestMappingHandlerMapping] - Mapped "{[/getMyStory],methods=[GET],produces=[application/json;charset=UTF-8]}" onto public java.lang.String com.zhy.controller.MyStoryControl.getMyStory(int,int)
2020-09-30 13:02:02,373 [main] INFO  [org.springframework.web.servlet.mvc.method.annotation.RequestMappingHandlerMapping] - Mapped "{[/register],methods=[POST],produces=[application/json;charset=UTF-8]}" onto public java.lang.String com.zhy.controller.RegisterControl.register(com.zhy.model.User,javax.servlet.http.HttpServletRequest)
2020-09-30 13:02:02,374 [main] INFO  [org.springframework.web.servlet.mvc.method.annotation.RequestMappingHandlerMapping] - Mapped "{[/getRewardInfo],methods=[POST],produces=[application/json;charset=UTF-8]}" onto public java.lang.String com.zhy.controller.RewardControl.getRewardInfo()
2020-09-30 13:02:02,374 [main] INFO  [org.springframework.web.servlet.mvc.method.annotation.RequestMappingHandlerMapping] - Mapped "{[/addArticleLike],methods=[GET],produces=[application/json;charset=UTF-8]}" onto public java.lang.String com.zhy.controller.ShowArticleControl.addArticleLike(java.lang.String,java.security.Principal)
2020-09-30 13:02:02,375 [main] INFO  [org.springframework.web.servlet.mvc.method.annotation.RequestMappingHandlerMapping] - Mapped "{[/getArticleByArticleId],methods=[POST],produces=[application/json;charset=UTF-8]}" onto public java.lang.String com.zhy.controller.ShowArticleControl.getArticleById(java.lang.String,java.security.Principal)
2020-09-30 13:02:02,379 [main] INFO  [org.springframework.web.servlet.mvc.method.annotation.RequestMappingHandlerMapping] - Mapped "{[/getArticleManagement],methods=[POST],produces=[application/json;charset=UTF-8]}" onto public java.lang.String com.zhy.controller.SuperAdminControl.getArticleManagement(int,int)
2020-09-30 13:02:02,380 [main] INFO  [org.springframework.web.servlet.mvc.method.annotation.RequestMappingHandlerMapping] - Mapped "{[/getStatisticsInfo],methods=[GET],produces=[application/json;charset=UTF-8]}" onto public java.lang.String com.zhy.controller.SuperAdminControl.getStatisticsInfo()
2020-09-30 13:02:02,380 [main] INFO  [org.springframework.web.servlet.mvc.method.annotation.RequestMappingHandlerMapping] - Mapped "{[/getAllPrivateWord],methods=[POST],produces=[application/json;charset=UTF-8]}" onto public java.lang.String com.zhy.controller.SuperAdminControl.getAllPrivateWord()
2020-09-30 13:02:02,380 [main] INFO  [org.springframework.web.servlet.mvc.method.annotation.RequestMappingHandlerMapping] - Mapped "{[/getArticleCategories],methods=[GET],produces=[application/json;charset=UTF-8]}" onto public java.lang.String com.zhy.controller.SuperAdminControl.getArticleCategories()
2020-09-30 13:02:02,380 [main] INFO  [org.springframework.web.servlet.mvc.method.annotation.RequestMappingHandlerMapping] - Mapped "{[/getArticleThumbsUp],methods=[POST],produces=[application/json;charset=UTF-8]}" onto public java.lang.String com.zhy.controller.SuperAdminControl.getArticleThumbsUp(int,int)
2020-09-30 13:02:02,380 [main] INFO  [org.springframework.web.servlet.mvc.method.annotation.RequestMappingHandlerMapping] - Mapped "{[/getFriendLink],methods=[POST],produces=[application/json;charset=UTF-8]}" onto public java.lang.String com.zhy.controller.SuperAdminControl.getFriendLink()
2020-09-30 13:02:02,380 [main] INFO  [org.springframework.web.servlet.mvc.method.annotation.RequestMappingHandlerMapping] - Mapped "{[/deleteArticle],methods=[GET],produces=[application/json;charset=UTF-8]}" onto public java.lang.String com.zhy.controller.SuperAdminControl.deleteArticle(java.lang.String)
2020-09-30 13:02:02,381 [main] INFO  [org.springframework.web.servlet.mvc.method.annotation.RequestMappingHandlerMapping] - Mapped "{[/updateFriendLink],methods=[POST],produces=[application/json;charset=UTF-8]}" onto public java.lang.String com.zhy.controller.SuperAdminControl.addFriendLink(java.lang.String,java.lang.String,java.lang.String)
2020-09-30 13:02:02,381 [main] INFO  [org.springframework.web.servlet.mvc.method.annotation.RequestMappingHandlerMapping] - Mapped "{[/updateCategory],methods=[POST],produces=[application/json;charset=UTF-8]}" onto public java.lang.String com.zhy.controller.SuperAdminControl.updateCategory(java.lang.String,int)
2020-09-30 13:02:02,381 [main] INFO  [org.springframework.web.servlet.mvc.method.annotation.RequestMappingHandlerMapping] - Mapped "{[/addReward],methods=[POST],produces=[application/json;charset=UTF-8]}" onto public java.lang.String com.zhy.controller.SuperAdminControl.addReward(org.springframework.web.multipart.MultipartFile,javax.servlet.http.HttpServletRequest,com.zhy.model.Reward)
2020-09-30 13:02:02,381 [main] INFO  [org.springframework.web.servlet.mvc.method.annotation.RequestMappingHandlerMapping] - Mapped "{[/readThisThumbsUp],methods=[GET],produces=[application/json;charset=UTF-8]}" onto public java.lang.String com.zhy.controller.SuperAdminControl.readThisThumbsUp(int)
2020-09-30 13:02:02,381 [main] INFO  [org.springframework.web.servlet.mvc.method.annotation.RequestMappingHandlerMapping] - Mapped "{[/deleteReward],methods=[GET],produces=[application/json;charset=UTF-8]}" onto public java.lang.String com.zhy.controller.SuperAdminControl.deleteReward(int)
2020-09-30 13:02:02,381 [main] INFO  [org.springframework.web.servlet.mvc.method.annotation.RequestMappingHandlerMapping] - Mapped "{[/readAllThumbsUp],methods=[GET],produces=[application/json;charset=UTF-8]}" onto public java.lang.String com.zhy.controller.SuperAdminControl.readAllThumbsUp()
2020-09-30 13:02:02,381 [main] INFO  [org.springframework.web.servlet.mvc.method.annotation.RequestMappingHandlerMapping] - Mapped "{[/deleteFriendLink],methods=[POST],produces=[application/json;charset=UTF-8]}" onto public java.lang.String com.zhy.controller.SuperAdminControl.deleteFriendLink(int)
2020-09-30 13:02:02,382 [main] INFO  [org.springframework.web.servlet.mvc.method.annotation.RequestMappingHandlerMapping] - Mapped "{[/replyPrivateWord],methods=[POST],produces=[application/json;charset=UTF-8]}" onto public java.lang.String com.zhy.controller.SuperAdminControl.replyPrivateWord(java.security.Principal,java.lang.String,java.lang.String)
2020-09-30 13:02:02,382 [main] INFO  [org.springframework.web.servlet.mvc.method.annotation.RequestMappingHandlerMapping] - Mapped "{[/getAllFeedback],methods=[GET],produces=[application/json;charset=UTF-8]}" onto public java.lang.String com.zhy.controller.SuperAdminControl.getAllFeedback(int,int)
2020-09-30 13:02:02,382 [main] INFO  [org.springframework.web.servlet.mvc.method.annotation.RequestMappingHandlerMapping] - Mapped "{[/getTagArticle],methods=[POST],produces=[application/json;charset=UTF-8]}" onto public java.lang.String com.zhy.controller.TagsControl.getTagArticle(java.lang.String,int,int)
2020-09-30 13:02:02,382 [main] INFO  [org.springframework.web.servlet.mvc.method.annotation.RequestMappingHandlerMapping] - Mapped "{[/getTodayInfo],methods=[POST],produces=[application/json;charset=UTF-8]}" onto public java.lang.String com.zhy.controller.TodayControl.getTodayInfo(int,int)
2020-09-30 13:02:02,383 [main] INFO  [org.springframework.web.servlet.mvc.method.annotation.RequestMappingHandlerMapping] - Mapped "{[/commitTodayWords],methods=[POST],produces=[application/json;charset=UTF-8]}" onto public java.lang.String com.zhy.controller.TodayControl.publishISay(com.zhy.model.DailySpeech,javax.servlet.http.HttpServletRequest)
2020-09-30 13:02:02,384 [main] INFO  [org.springframework.web.servlet.mvc.method.annotation.RequestMappingHandlerMapping] - Mapped "{[/getUserPersonalInfo],methods=[POST],produces=[application/json;charset=UTF-8]}" onto public java.lang.String com.zhy.controller.UserControl.getUserPersonalInfo(java.security.Principal)
2020-09-30 13:02:02,384 [main] INFO  [org.springframework.web.servlet.mvc.method.annotation.RequestMappingHandlerMapping] - Mapped "{[/getUserLeaveWord],methods=[POST],produces=[application/json;charset=UTF-8]}" onto public java.lang.String com.zhy.controller.UserControl.getUserLeaveMessage(int,int,java.security.Principal)
2020-09-30 13:02:02,384 [main] INFO  [org.springframework.web.servlet.mvc.method.annotation.RequestMappingHandlerMapping] - Mapped "{[/getPrivateWordByPublisher],methods=[POST],produces=[application/json;charset=UTF-8]}" onto public java.lang.String com.zhy.controller.UserControl.getPrivateWordByPublisher(int,int,java.security.Principal)
2020-09-30 13:02:02,384 [main] INFO  [org.springframework.web.servlet.mvc.method.annotation.RequestMappingHandlerMapping] - Mapped "{[/getUserNews],methods=[POST],produces=[application/json;charset=UTF-8]}" onto public java.lang.String com.zhy.controller.UserControl.getUserNews(java.security.Principal)
2020-09-30 13:02:02,384 [main] INFO  [org.springframework.web.servlet.mvc.method.annotation.RequestMappingHandlerMapping] - Mapped "{[/uploadHead],methods=[POST],produces=[application/json;charset=UTF-8]}" onto public java.lang.String com.zhy.controller.UserControl.uploadHead(javax.servlet.http.HttpServletRequest,java.security.Principal)
2020-09-30 13:02:02,384 [main] INFO  [org.springframework.web.servlet.mvc.method.annotation.RequestMappingHandlerMapping] - Mapped "{[/getUserComment],methods=[POST],produces=[application/json;charset=UTF-8]}" onto public java.lang.String com.zhy.controller.UserControl.getUserComment(int,int,java.security.Principal)
2020-09-30 13:02:02,384 [main] INFO  [org.springframework.web.servlet.mvc.method.annotation.RequestMappingHandlerMapping] - Mapped "{[/readThisMsg],methods=[GET],produces=[application/json;charset=UTF-8]}" onto public java.lang.String com.zhy.controller.UserControl.readThisMsg(int,int,java.security.Principal)
2020-09-30 13:02:02,385 [main] INFO  [org.springframework.web.servlet.mvc.method.annotation.RequestMappingHandlerMapping] - Mapped "{[/savePersonalDate],methods=[POST],produces=[application/json;charset=UTF-8]}" onto public java.lang.String com.zhy.controller.UserControl.savePersonalDate(com.zhy.model.User,java.security.Principal)
2020-09-30 13:02:02,385 [main] INFO  [org.springframework.web.servlet.mvc.method.annotation.RequestMappingHandlerMapping] - Mapped "{[/sendPrivateWord],methods=[POST],produces=[application/json;charset=UTF-8]}" onto public java.lang.String com.zhy.controller.UserControl.sendPrivateWord(java.lang.String,java.security.Principal)
2020-09-30 13:02:02,385 [main] INFO  [org.springframework.web.servlet.mvc.method.annotation.RequestMappingHandlerMapping] - Mapped "{[/readAllMsg],methods=[GET],produces=[application/json;charset=UTF-8]}" onto public java.lang.String com.zhy.controller.UserControl.readAllMsg(int,java.security.Principal)
2020-09-30 13:02:02,388 [main] INFO  [org.springframework.web.servlet.mvc.method.annotation.RequestMappingHandlerMapping] - Mapped "{[/error]}" onto public org.springframework.http.ResponseEntity<java.util.Map<java.lang.String, java.lang.Object>> org.springframework.boot.autoconfigure.web.servlet.error.BasicErrorController.error(javax.servlet.http.HttpServletRequest)
2020-09-30 13:02:02,388 [main] INFO  [org.springframework.web.servlet.mvc.method.annotation.RequestMappingHandlerMapping] - Mapped "{[/error],produces=[text/html]}" onto public org.springframework.web.servlet.ModelAndView org.springframework.boot.autoconfigure.web.servlet.error.BasicErrorController.errorHtml(javax.servlet.http.HttpServletRequest,javax.servlet.http.HttpServletResponse)
2020-09-30 13:02:02,453 [main] INFO  [org.springframework.web.servlet.handler.SimpleUrlHandlerMapping] - Mapped URL path [/article/**] onto handler of type [class org.springframework.web.servlet.resource.ResourceHttpRequestHandler]
2020-09-30 13:02:02,453 [main] INFO  [org.springframework.web.servlet.handler.SimpleUrlHandlerMapping] - Mapped URL path [/**] onto handler of type [class org.springframework.web.servlet.resource.ResourceHttpRequestHandler]
2020-09-30 13:02:02,453 [main] INFO  [org.springframework.web.servlet.handler.SimpleUrlHandlerMapping] - Mapped URL path [/template/**] onto handler of type [class org.springframework.web.servlet.resource.ResourceHttpRequestHandler]
2020-09-30 13:02:02,513 [main] INFO  [org.springframework.web.servlet.mvc.method.annotation.RequestMappingHandlerAdapter] - Looking for @ControllerAdvice: org.springframework.boot.web.servlet.context.AnnotationConfigServletWebServerApplicationContext@3943a2be: startup date [Wed Sep 30 13:01:59 CST 2020]; root of context hierarchy
2020-09-30 13:02:03,293 [main] INFO  [org.springframework.security.web.DefaultSecurityFilterChain] - Creating filter chain: org.springframework.security.web.util.matcher.AnyRequestMatcher@1, [org.springframework.security.web.context.request.async.WebAsyncManagerIntegrationFilter@49fdbe2b, org.springframework.security.web.context.SecurityContextPersistenceFilter@66749eea, org.springframework.security.web.header.HeaderWriterFilter@7015ebef, org.springframework.security.web.authentication.logout.LogoutFilter@3ca14cf4, org.springframework.security.web.authentication.UsernamePasswordAuthenticationFilter@6ee5f485, org.springframework.security.web.savedrequest.RequestCacheAwareFilter@617449dd, org.springframework.security.web.servletapi.SecurityContextHolderAwareRequestFilter@70b2fa10, org.springframework.security.web.authentication.AnonymousAuthenticationFilter@53eba4b8, org.springframework.security.web.session.SessionManagementFilter@2a87ba34, org.springframework.security.web.access.ExceptionTranslationFilter@42ed89da, org.springframework.security.web.access.intercept.FilterSecurityInterceptor@4dad8ec0]
2020-09-30 13:02:03,459 [main] INFO  [org.springframework.jmx.export.annotation.AnnotationMBeanExporter] - Registering beans for JMX exposure on startup
2020-09-30 13:02:03,460 [main] INFO  [org.springframework.jmx.export.annotation.AnnotationMBeanExporter] - Bean with name 'druidDataSource' has been autodetected for JMX exposure
2020-09-30 13:02:03,465 [main] INFO  [org.springframework.jmx.export.annotation.AnnotationMBeanExporter] - Located MBean 'druidDataSource': registering with JMX server as MBean [com.alibaba.druid.pool:name=druidDataSource,type=DruidDataSource]
2020-09-30 13:02:03,473 [main] INFO  [org.springframework.scheduling.annotation.ScheduledAnnotationBeanPostProcessor] - No TaskScheduler/ScheduledExecutorService bean found for scheduled processing
2020-09-30 13:02:03,479 [main] INFO  [org.apache.coyote.http11.Http11NioProtocol] - Starting ProtocolHandler ["http-nio-80"]
2020-09-30 13:02:03,486 [main] INFO  [org.apache.tomcat.util.net.NioSelectorPool] - Using a shared selector for servlet write/read
2020-09-30 13:02:03,498 [main] INFO  [org.springframework.boot.web.embedded.tomcat.TomcatWebServer] - Tomcat started on port(s): 80 (http) with context path ''
2020-09-30 13:02:03,502 [main] INFO  [com.zhy.MyBlogApplication] - Started MyBlogApplication in 4.667 seconds (JVM running for 7.333)
